pas00028,struthio camelus,0
pas00037,rhea americana,0
pas00038,rhea pennata,0
pas00045,casuarius casuarius,0
pas00046,casuarius bennetti,0
pas00047,casuarius unappendiculatus,0
pas00048,dromaius novaehollandiae,0
pas00055,apteryx australis,0
pas00057,apteryx owenii,0
pas00058,apteryx haastii,0
pas00065,tinamus tao,0
pas00066,tinamus solitarius,0
pas00067,tinamus osgoodi,0
pas00068,tinamus major,0
pas00069,tinamus guttatus,0
pas00070,nothocercus bonapartei,0
pas00071,nothocercus julius,0
pas00072,nothocercus nigrocapillus,0
pas00073,crypturellus berlepschi,0
pas00074,crypturellus cinereus,0
pas00075,crypturellus soui,0
pas00076,crypturellus ptaritepui,0
pas00077,crypturellus obsoletus,0
pas00078,crypturellus cinnamomeus,0
pas00080,crypturellus undulatus,0
pas00081,crypturellus transfasciatus,0
pas00082,crypturellus strigulosus,0
pas00083,crypturellus boucardi,0
pas00084,crypturellus kerriae,0
pas00085,crypturellus erythropus,0
pas00087,crypturellus duidae,0
pas00088,crypturellus noctivagus,0
pas00089,crypturellus atrocapillus,0
pas00090,crypturellus variegatus,0
pas00091,crypturellus brevirostris,0
pas00092,crypturellus bartletti,0
pas00093,crypturellus parvirostris,0
pas00094,crypturellus casiquiare,0
pas00095,crypturellus tataupa,0
pas00096,rhynchotus rufescens,0
pas00098,nothoprocta taczanowskii,0
pas00099,nothoprocta kalinowskii,0
pas00100,nothoprocta ornata,0
pas00101,nothoprocta pentlandii,0
pas00102,nothoprocta cinerascens,0
pas00103,nothoprocta perdicaria,0
pas00104,nothoprocta curvirostris,0
pas00105,nothura darwinii,0
pas00106,nothura chacoensis,0
pas00107,nothura maculosa,0
pas00108,nothura minor,0
pas00109,nothura boraquira,0
pas00110,taoniscus nanus,0
pas00111,eudromia elegans,0
pas00112,eudromia formosa,0
